<?xml version="1.0" encoding="UTF-8"?>
<!-- Generated by org.testng.reporters.JUnitXMLReporter -->
<testsuite ignored="0" hostname="DESKTOP-KA91B3B" failures="1" tests="4" name="ComputerDatabaseDemo Test" time="36.874" errors="0" timestamp="2021-03-28T18:45:52 BDT">
  <testcase classname="com.ComputerDatabaseDemo.AddComputerTestCases.TC_AC_001" name="addComputerWithEmptyField" time="3.773"/>
  <testcase classname="com.ComputerDatabaseDemo.AddComputerTestCases.TC_AC_002" name="addComputerWithInvalidInput" time="6.876"/>
  <testcase classname="com.ComputerDatabaseDemo.AddComputerTestCases.TC_AC_003" name="addComputerWithValidInput" time="6.629"/>
  <testcase classname="com.ComputerDatabaseDemo.AddComputerTestCases.TC_AC_003" name="SearchComputerName" time="3.16">
    <failure type="java.lang.AssertionError" message="null">
      <![CDATA[java.lang.AssertionError: null
at com.ComputerDatabaseDemo.AddComputerTestCases.TC_AC_003.SearchComputerName(TC_AC_003.java:40)
at java.base/java.util.ArrayList.forEach(ArrayList.java:1511)
... Removed 32 stack frames]]>
    </failure>
  </testcase> <!-- SearchComputerName -->
</testsuite> <!-- ComputerDatabaseDemo Test -->
