<?xml version="1.0" encoding="UTF-8"?>
<!-- Generated by org.testng.reporters.JUnitXMLReporter -->
<testsuite ignored="0" hostname="DESKTOP-KA91B3B" failures="3" tests="11" name="ComputerDatabaseDemo Test" time="185.491" errors="0" timestamp="2021-04-02T15:38:35 BDT">
  <testcase classname="com.ComputerDatabaseDemo.AddComputerTestCases.TC_AC_001" name="addComputerWithEmptyField" time="11.661"/>
  <testcase classname="com.ComputerDatabaseDemo.AddComputerTestCases.TC_AC_002" name="addComputerWithInvalidInput" time="14.161"/>
  <testcase classname="com.ComputerDatabaseDemo.AddComputerTestCases.TC_AC_003" name="addComputerWithValidInput" time="14.409"/>
  <testcase classname="com.ComputerDatabaseDemo.AddComputerTestCases.TC_AC_003" name="SearchComputerName" time="4.922">
    <failure type="java.lang.AssertionError" message="null">
      <![CDATA[java.lang.AssertionError: null
at com.ComputerDatabaseDemo.AddComputerTestCases.TC_AC_003.SearchComputerName(TC_AC_003.java:43)
at java.base/java.util.ArrayList.forEach(ArrayList.java:1511)
... Removed 32 stack frames]]>
    </failure>
  </testcase> <!-- SearchComputerName -->
  <testcase classname="com.ComputerDatabaseDemo.DeleteComputerTestCases.TC_DC_001" name="deleteComputerInfo" time="13.769">
    <failure type="java.lang.AssertionError" message="null">
      <![CDATA[java.lang.AssertionError: null
at com.ComputerDatabaseDemo.DeleteComputerTestCases.TC_DC_001.deleteComputerInfo(TC_DC_001.java:27)
at java.base/java.util.ArrayList.forEach(ArrayList.java:1511)
... Removed 32 stack frames]]>
    </failure>
  </testcase> <!-- deleteComputerInfo -->
  <testcase classname="com.ComputerDatabaseDemo.EditComputerTestCases.TC_EC_001" name="editComputerInfo" time="12.867"/>
  <testcase classname="com.ComputerDatabaseDemo.EditComputerTestCases.TC_EC_002" name="editComputerWithInvalidInput" time="17.637"/>
  <testcase classname="com.ComputerDatabaseDemo.EditComputerTestCases.TC_EC_003" name="editComputerWithValidInput" time="15.805"/>
  <testcase classname="com.ComputerDatabaseDemo.EditComputerTestCases.TC_EC_003" name="SearchComputerNewName" time="7.873">
    <failure type="java.lang.AssertionError" message="null">
      <![CDATA[java.lang.AssertionError: null
at com.ComputerDatabaseDemo.EditComputerTestCases.TC_EC_003.SearchComputerNewName(TC_EC_003.java:45)
at java.base/java.util.ArrayList.forEach(ArrayList.java:1511)
... Removed 32 stack frames]]>
    </failure>
  </testcase> <!-- SearchComputerNewName -->
  <testcase classname="com.ComputerDatabaseDemo.FilterComputerTestCases.TC_FC_001" name="searchByEmptyField" time="0.394"/>
  <testcase classname="com.ComputerDatabaseDemo.FilterComputerTestCases.TC_FC_002" name="searchByValidInput" time="3.305"/>
</testsuite> <!-- ComputerDatabaseDemo Test -->
