<?xml version="1.0" encoding="UTF-8"?>
<testng-results ignored="0" total="1" passed="1" failed="0" skipped="0">
  <reporter-output>
  </reporter-output>
  <suite started-at="2021-03-28T10:08:41 BDT" name="ComputerDatabaseDemo" finished-at="2021-03-28T10:08:50 BDT" duration-ms="9323">
    <groups>
    </groups>
    <test started-at="2021-03-28T10:08:41 BDT" name="ComputerDatabaseDemo Test" finished-at="2021-03-28T10:08:50 BDT" duration-ms="9323">
      <class name="com.ComputerDatabaseDemo.AddComputerTestCases.TC_AC_001">
        <test-method is-config="true" signature="setUp(java.lang.String)[pri:0, instance:com.ComputerDatabaseDemo.AddComputerTestCases.TC_AC_001@76a4d6c]" started-at="2021-03-28T10:08:41 BDT" name="setUp" finished-at="2021-03-28T10:08:45 BDT" duration-ms="4222" status="PASS">
          <params>
            <param index="0">
              <value>
                <![CDATA[chrome]]>
              </value>
            </param>
          </params>
          <reporter-output>
          </reporter-output>
        </test-method> <!-- setUp -->
        <test-method signature="addComputerWithEmptyField()[pri:1, instance:com.ComputerDatabaseDemo.AddComputerTestCases.TC_AC_001@76a4d6c]" started-at="2021-03-28T10:08:45 BDT" name="addComputerWithEmptyField" finished-at="2021-03-28T10:08:49 BDT" duration-ms="3823" status="PASS">
          <reporter-output>
          </reporter-output>
        </test-method> <!-- addComputerWithEmptyField -->
        <test-method is-config="true" signature="tearDown()[pri:0, instance:com.ComputerDatabaseDemo.AddComputerTestCases.TC_AC_001@76a4d6c]" started-at="2021-03-28T10:08:49 BDT" name="tearDown" finished-at="2021-03-28T10:08:50 BDT" duration-ms="951" status="PASS">
          <reporter-output>
          </reporter-output>
        </test-method> <!-- tearDown -->
      </class> <!-- com.ComputerDatabaseDemo.AddComputerTestCases.TC_AC_001 -->
    </test> <!-- ComputerDatabaseDemo Test -->
  </suite> <!-- ComputerDatabaseDemo -->
</testng-results>
