<?xml version="1.0" encoding="UTF-8"?>
<testsuite name="TestSuite" time="75.818" tests="11" errors="0" skipped="0" failures="3">
  <properties>
[...]
</properties>
  <testcase name="addComputerWithEmptyField" classname="com.ComputerDatabaseDemo.AddComputerTestCases.TC_AC_001" time="6.986"/>
  <testcase name="addComputerWithInvalidInput" classname="com.ComputerDatabaseDemo.AddComputerTestCases.TC_AC_002" time="11.06"/>
  <testcase name="addComputerWithValidInput" classname="com.ComputerDatabaseDemo.AddComputerTestCases.TC_AC_003" time="13.202"/>
  <testcase name="SearchComputerName" classname="com.ComputerDatabaseDemo.AddComputerTestCases.TC_AC_003" time="4.328">
    <failure type="java.lang.AssertionError:">java.lang.AssertionError: null
	at org.testng.Assert.fail(Assert.java:99)
	at org.testng.Assert.fail(Assert.java:106)
	at com.ComputerDatabaseDemo.AddComputerTestCases.TC_AC_003.SearchComputerName(TC_AC_003.java:40)
</failure>
    <system-out><![CDATA[ INFO [main] (TC_AC_003.java:32)- Validation Start...
 INFO [main] (TC_AC_003.java:38)- TC_AC_003 failed
Screenshot Taken
]]></system-out>
  </testcase>
  <testcase name="deleteComputerInfo" classname="com.ComputerDatabaseDemo.DeleteComputerTestCases.TC_DC_001" time="8.488">
    <failure type="java.lang.AssertionError:">java.lang.AssertionError: null
	at org.testng.Assert.fail(Assert.java:99)
	at org.testng.Assert.fail(Assert.java:106)
	at com.ComputerDatabaseDemo.DeleteComputerTestCases.TC_DC_001.deleteComputerInfo(TC_DC_001.java:24)
</failure>
    <system-out><![CDATA[ INFO [main] (BaseClassDC.java:56)- URL is opened
 INFO [main] (TC_DC_001.java:22)- TC_DC_001 failed
Screenshot Taken
]]></system-out>
    <system-err><![CDATA[Starting ChromeDriver 88.0.4324.96 (68dba2d8a0b149a1d3afac56fa74648032bcf46b-refs/branch-heads/4324@{#1784}) on port 20508
Only local connections are allowed.
Please see https://chromedriver.chromium.org/security-considerations for suggestions on keeping ChromeDriver safe.
ChromeDriver was started successfully.
[1617102618.794][WARNING]: This version of ChromeDriver has not been tested with Chrome version 89.
Mar 30, 2021 5:10:18 PM org.openqa.selenium.remote.ProtocolHandshake createSession
INFO: Detected dialect: W3C
]]></system-err>
  </testcase>
  <testcase name="editComputerInfo" classname="com.ComputerDatabaseDemo.EditComputerTestCases.TC_EC_001" time="7.545"/>
  <testcase name="editComputerWithInvalidInput" classname="com.ComputerDatabaseDemo.EditComputerTestCases.TC_EC_002" time="9.702"/>
  <testcase name="editComputerWithValidInput" classname="com.ComputerDatabaseDemo.EditComputerTestCases.TC_EC_003" time="8.329"/>
  <testcase name="SearchComputerNewName" classname="com.ComputerDatabaseDemo.EditComputerTestCases.TC_EC_003" time="4.254">
    <failure type="java.lang.AssertionError:">java.lang.AssertionError: null
	at org.testng.Assert.fail(Assert.java:99)
	at org.testng.Assert.fail(Assert.java:106)
	at com.ComputerDatabaseDemo.EditComputerTestCases.TC_EC_003.SearchComputerNewName(TC_EC_003.java:41)
</failure>
    <system-out><![CDATA[ INFO [main] (TC_EC_003.java:33)- Validation Start...
 INFO [main] (TC_EC_003.java:39)- TC_EC_003 failed
Screenshot Taken
]]></system-out>
  </testcase>
  <testcase name="searchByEmptyField" classname="com.ComputerDatabaseDemo.FilterComputerTestCases.TC_FC_001" time="0.358"/>
  <testcase name="searchByValidInput" classname="com.ComputerDatabaseDemo.FilterComputerTestCases.TC_FC_002" time="1.566"/>
</testsuite>